The target system is: Windows -  - x86
The host system is: Linux - 4.0.5-300.fc22.x86_64 - x86_64
Compiling the C compiler identification source file "CMakeCCompilerId.c" succeeded.
Compiler: /usr/bin/i686-w64-mingw32-gcc 
Build flags: 
Id flags: 

The output was:
0


Compilation of the C compiler identification source "CMakeCCompilerId.c" produced "a.exe"

The C compiler identification is GNU, found in "/home/kjetil/qjackctl/temp/qjackctl/mingw32/portaudio/CMakeFiles/3.2.2/CompilerIdC/a.exe"

Compiling the CXX compiler identification source file "CMakeCXXCompilerId.cpp" succeeded.
Compiler: /usr/bin/i686-w64-mingw32-g++ 
Build flags: 
Id flags: 

The output was:
0


Compilation of the CXX compiler identification source "CMakeCXXCompilerId.cpp" produced "a.exe"

The CXX compiler identification is GNU, found in "/home/kjetil/qjackctl/temp/qjackctl/mingw32/portaudio/CMakeFiles/3.2.2/CompilerIdCXX/a.exe"

Determining if the C compiler works passed with the following output:
Change Dir: /home/kjetil/qjackctl/temp/qjackctl/mingw32/portaudio/CMakeFiles/CMakeTmp

Run Build Command:"/usr/bin/gmake" "cmTryCompileExec1895411366/fast"
/usr/bin/gmake -f CMakeFiles/cmTryCompileExec1895411366.dir/build.make CMakeFiles/cmTryCompileExec1895411366.dir/build
gmake[1]: Entering directory '/home/kjetil/qjackctl/temp/qjackctl/mingw32/portaudio/CMakeFiles/CMakeTmp'
/usr/bin/cmake -E cmake_progress_report /home/kjetil/qjackctl/temp/qjackctl/mingw32/portaudio/CMakeFiles/CMakeTmp/CMakeFiles 1
Building C object CMakeFiles/cmTryCompileExec1895411366.dir/testCCompiler.c.obj
/usr/bin/i686-w64-mingw32-gcc    -o CMakeFiles/cmTryCompileExec1895411366.dir/testCCompiler.c.obj   -c /home/kjetil/qjackctl/temp/qjackctl/mingw32/portaudio/CMakeFiles/CMakeTmp/testCCompiler.c
Linking C executable cmTryCompileExec1895411366.exe
/usr/bin/cmake -E cmake_link_script CMakeFiles/cmTryCompileExec1895411366.dir/link.txt --verbose=1
/usr/bin/cmake -E remove -f CMakeFiles/cmTryCompileExec1895411366.dir/objects.a
/usr/bin/i686-w64-mingw32-ar cr CMakeFiles/cmTryCompileExec1895411366.dir/objects.a @CMakeFiles/cmTryCompileExec1895411366.dir/objects1.rsp
/usr/bin/i686-w64-mingw32-gcc       -Wl,--whole-archive CMakeFiles/cmTryCompileExec1895411366.dir/objects.a -Wl,--no-whole-archive  -o cmTryCompileExec1895411366.exe -Wl,--out-implib,libcmTryCompileExec1895411366.dll.a -Wl,--major-image-version,0,--minor-image-version,0 @CMakeFiles/cmTryCompileExec1895411366.dir/linklibs.rsp
gmake[1]: Leaving directory '/home/kjetil/qjackctl/temp/qjackctl/mingw32/portaudio/CMakeFiles/CMakeTmp'


Detecting C compiler ABI info compiled with the following output:
Change Dir: /home/kjetil/qjackctl/temp/qjackctl/mingw32/portaudio/CMakeFiles/CMakeTmp

Run Build Command:"/usr/bin/gmake" "cmTryCompileExec3244566217/fast"
/usr/bin/gmake -f CMakeFiles/cmTryCompileExec3244566217.dir/build.make CMakeFiles/cmTryCompileExec3244566217.dir/build
gmake[1]: Entering directory '/home/kjetil/qjackctl/temp/qjackctl/mingw32/portaudio/CMakeFiles/CMakeTmp'
/usr/bin/cmake -E cmake_progress_report /home/kjetil/qjackctl/temp/qjackctl/mingw32/portaudio/CMakeFiles/CMakeTmp/CMakeFiles 1
Building C object CMakeFiles/cmTryCompileExec3244566217.dir/CMakeCCompilerABI.c.obj
/usr/bin/i686-w64-mingw32-gcc    -o CMakeFiles/cmTryCompileExec3244566217.dir/CMakeCCompilerABI.c.obj   -c /usr/share/cmake/Modules/CMakeCCompilerABI.c
Linking C executable cmTryCompileExec3244566217.exe
/usr/bin/cmake -E cmake_link_script CMakeFiles/cmTryCompileExec3244566217.dir/link.txt --verbose=1
/usr/bin/cmake -E remove -f CMakeFiles/cmTryCompileExec3244566217.dir/objects.a
/usr/bin/i686-w64-mingw32-ar cr CMakeFiles/cmTryCompileExec3244566217.dir/objects.a @CMakeFiles/cmTryCompileExec3244566217.dir/objects1.rsp
/usr/bin/i686-w64-mingw32-gcc      -v -Wl,--whole-archive CMakeFiles/cmTryCompileExec3244566217.dir/objects.a -Wl,--no-whole-archive  -o cmTryCompileExec3244566217.exe -Wl,--out-implib,libcmTryCompileExec3244566217.dll.a -Wl,--major-image-version,0,--minor-image-version,0   
Using built-in specs.
COLLECT_GCC=/usr/bin/i686-w64-mingw32-gcc
COLLECT_LTO_WRAPPER=/usr/libexec/gcc/i686-w64-mingw32/5.1.0/lto-wrapper
Target: i686-w64-mingw32
Configured with: ../configure --prefix=/usr --bindir=/usr/bin --includedir=/usr/include --mandir=/usr/share/man --infodir=/usr/share/info --datadir=/usr/share --build=x86_64-redhat-linux-gnu --host=x86_64-redhat-linux-gnu --with-gnu-as --with-gnu-ld --verbose --without-newlib --disable-multilib --disable-plugin --with-system-zlib --disable-nls --without-included-gettext --disable-win32-registry --enable-languages=c,c++,objc,obj-c++,fortran --with-default-libstdcxx-abi=c++98 --with-bugurl=http://bugzilla.redhat.com/bugzilla --with-cloog --enable-threads=posix --enable-libgomp --target=i686-w64-mingw32 --with-sysroot=/usr/i686-w64-mingw32/sys-root --with-gxx-include-dir=/usr/i686-w64-mingw32/sys-root/mingw/include/c++
Thread model: posix
gcc version 5.1.0 20150422 (Fedora MinGW 5.1.0-2.fc22) (GCC) 
COMPILER_PATH=/usr/libexec/gcc/i686-w64-mingw32/5.1.0/:/usr/libexec/gcc/i686-w64-mingw32/5.1.0/:/usr/libexec/gcc/i686-w64-mingw32/:/usr/lib/gcc/i686-w64-mingw32/5.1.0/:/usr/lib/gcc/i686-w64-mingw32/:/usr/lib/gcc/i686-w64-mingw32/5.1.0/../../../../i686-w64-mingw32/bin/
LIBRARY_PATH=/usr/lib/gcc/i686-w64-mingw32/5.1.0/:/usr/lib/gcc/i686-w64-mingw32/5.1.0/../../../../i686-w64-mingw32/lib/../lib/:/usr/i686-w64-mingw32/sys-root/mingw/lib/../lib/:/usr/lib/gcc/i686-w64-mingw32/5.1.0/../../../../i686-w64-mingw32/lib/:/usr/i686-w64-mingw32/sys-root/mingw/lib/
COLLECT_GCC_OPTIONS='-v' '-o' 'cmTryCompileExec3244566217.exe' '-mtune=generic' '-march=pentiumpro'
 /usr/libexec/gcc/i686-w64-mingw32/5.1.0/collect2 -plugin /usr/libexec/gcc/i686-w64-mingw32/5.1.0/liblto_plugin.so -plugin-opt=/usr/libexec/gcc/i686-w64-mingw32/5.1.0/lto-wrapper -plugin-opt=-fresolution=/tmp/cc7tbOqo.res -plugin-opt=-pass-through=-lmingw32 -plugin-opt=-pass-through=-lgcc -plugin-opt=-pass-through=-lgcc_eh -plugin-opt=-pass-through=-lmoldname -plugin-opt=-pass-through=-lmingwex -plugin-opt=-pass-through=-lmsvcrt -plugin-opt=-pass-through=-lpthread -plugin-opt=-pass-through=-ladvapi32 -plugin-opt=-pass-through=-lshell32 -plugin-opt=-pass-through=-luser32 -plugin-opt=-pass-through=-lkernel32 -plugin-opt=-pass-through=-lmingw32 -plugin-opt=-pass-through=-lgcc -plugin-opt=-pass-through=-lgcc_eh -plugin-opt=-pass-through=-lmoldname -plugin-opt=-pass-through=-lmingwex -plugin-opt=-pass-through=-lmsvcrt --sysroot=/usr/i686-w64-mingw32/sys-root -m i386pe -Bdynamic -o cmTryCompileExec3244566217.exe /usr/i686-w64-mingw32/sys-root/mingw/lib/../lib/crt2.o /usr/lib/gcc/i686-w64-mingw32/5.1.0/crtbegin.o -L/usr/lib/gcc/i686-w64-mingw32/5.1.0 -L/usr/lib/gcc/i686-w64-mingw32/5.1.0/../../../../i686-w64-mingw32/lib/../lib -L/usr/i686-w64-mingw32/sys-root/mingw/lib/../lib -L/usr/lib/gcc/i686-w64-mingw32/5.1.0/../../../../i686-w64-mingw32/lib -L/usr/i686-w64-mingw32/sys-root/mingw/lib --whole-archive CMakeFiles/cmTryCompileExec3244566217.dir/objects.a --no-whole-archive --out-implib libcmTryCompileExec3244566217.dll.a --major-image-version 0 --minor-image-version 0 -lmingw32 -lgcc -lgcc_eh -lmoldname -lmingwex -lmsvcrt -lpthread -ladvapi32 -lshell32 -luser32 -lkernel32 -lmingw32 -lgcc -lgcc_eh -lmoldname -lmingwex -lmsvcrt /usr/lib/gcc/i686-w64-mingw32/5.1.0/crtend.o
gmake[1]: Leaving directory '/home/kjetil/qjackctl/temp/qjackctl/mingw32/portaudio/CMakeFiles/CMakeTmp'


Parsed C implicit link information from above output:
  link line regex: [^( *|.*[/\])(i686-w64-mingw32-ld|([^/\]+-)?ld|collect2)[^/\]*( |$)]
  ignore line: [Change Dir: /home/kjetil/qjackctl/temp/qjackctl/mingw32/portaudio/CMakeFiles/CMakeTmp]
  ignore line: []
  ignore line: [Run Build Command:"/usr/bin/gmake" "cmTryCompileExec3244566217/fast"]
  ignore line: [/usr/bin/gmake -f CMakeFiles/cmTryCompileExec3244566217.dir/build.make CMakeFiles/cmTryCompileExec3244566217.dir/build]
  ignore line: [gmake[1]: Entering directory '/home/kjetil/qjackctl/temp/qjackctl/mingw32/portaudio/CMakeFiles/CMakeTmp']
  ignore line: [/usr/bin/cmake -E cmake_progress_report /home/kjetil/qjackctl/temp/qjackctl/mingw32/portaudio/CMakeFiles/CMakeTmp/CMakeFiles 1]
  ignore line: [Building C object CMakeFiles/cmTryCompileExec3244566217.dir/CMakeCCompilerABI.c.obj]
  ignore line: [/usr/bin/i686-w64-mingw32-gcc    -o CMakeFiles/cmTryCompileExec3244566217.dir/CMakeCCompilerABI.c.obj   -c /usr/share/cmake/Modules/CMakeCCompilerABI.c]
  ignore line: [Linking C executable cmTryCompileExec3244566217.exe]
  ignore line: [/usr/bin/cmake -E cmake_link_script CMakeFiles/cmTryCompileExec3244566217.dir/link.txt --verbose=1]
  ignore line: [/usr/bin/cmake -E remove -f CMakeFiles/cmTryCompileExec3244566217.dir/objects.a]
  ignore line: [/usr/bin/i686-w64-mingw32-ar cr CMakeFiles/cmTryCompileExec3244566217.dir/objects.a @CMakeFiles/cmTryCompileExec3244566217.dir/objects1.rsp]
  ignore line: [/usr/bin/i686-w64-mingw32-gcc      -v -Wl,--whole-archive CMakeFiles/cmTryCompileExec3244566217.dir/objects.a -Wl,--no-whole-archive  -o cmTryCompileExec3244566217.exe -Wl,--out-implib,libcmTryCompileExec3244566217.dll.a -Wl,--major-image-version,0,--minor-image-version,0   ]
  ignore line: [Using built-in specs.]
  ignore line: [COLLECT_GCC=/usr/bin/i686-w64-mingw32-gcc]
  ignore line: [COLLECT_LTO_WRAPPER=/usr/libexec/gcc/i686-w64-mingw32/5.1.0/lto-wrapper]
  ignore line: [Target: i686-w64-mingw32]
  ignore line: [Configured with: ../configure --prefix=/usr --bindir=/usr/bin --includedir=/usr/include --mandir=/usr/share/man --infodir=/usr/share/info --datadir=/usr/share --build=x86_64-redhat-linux-gnu --host=x86_64-redhat-linux-gnu --with-gnu-as --with-gnu-ld --verbose --without-newlib --disable-multilib --disable-plugin --with-system-zlib --disable-nls --without-included-gettext --disable-win32-registry --enable-languages=c,c++,objc,obj-c++,fortran --with-default-libstdcxx-abi=c++98 --with-bugurl=http://bugzilla.redhat.com/bugzilla --with-cloog --enable-threads=posix --enable-libgomp --target=i686-w64-mingw32 --with-sysroot=/usr/i686-w64-mingw32/sys-root --with-gxx-include-dir=/usr/i686-w64-mingw32/sys-root/mingw/include/c++]
  ignore line: [Thread model: posix]
  ignore line: [gcc version 5.1.0 20150422 (Fedora MinGW 5.1.0-2.fc22) (GCC) ]
  ignore line: [COMPILER_PATH=/usr/libexec/gcc/i686-w64-mingw32/5.1.0/:/usr/libexec/gcc/i686-w64-mingw32/5.1.0/:/usr/libexec/gcc/i686-w64-mingw32/:/usr/lib/gcc/i686-w64-mingw32/5.1.0/:/usr/lib/gcc/i686-w64-mingw32/:/usr/lib/gcc/i686-w64-mingw32/5.1.0/../../../../i686-w64-mingw32/bin/]
  ignore line: [LIBRARY_PATH=/usr/lib/gcc/i686-w64-mingw32/5.1.0/:/usr/lib/gcc/i686-w64-mingw32/5.1.0/../../../../i686-w64-mingw32/lib/../lib/:/usr/i686-w64-mingw32/sys-root/mingw/lib/../lib/:/usr/lib/gcc/i686-w64-mingw32/5.1.0/../../../../i686-w64-mingw32/lib/:/usr/i686-w64-mingw32/sys-root/mingw/lib/]
  ignore line: [COLLECT_GCC_OPTIONS='-v' '-o' 'cmTryCompileExec3244566217.exe' '-mtune=generic' '-march=pentiumpro']
  link line: [ /usr/libexec/gcc/i686-w64-mingw32/5.1.0/collect2 -plugin /usr/libexec/gcc/i686-w64-mingw32/5.1.0/liblto_plugin.so -plugin-opt=/usr/libexec/gcc/i686-w64-mingw32/5.1.0/lto-wrapper -plugin-opt=-fresolution=/tmp/cc7tbOqo.res -plugin-opt=-pass-through=-lmingw32 -plugin-opt=-pass-through=-lgcc -plugin-opt=-pass-through=-lgcc_eh -plugin-opt=-pass-through=-lmoldname -plugin-opt=-pass-through=-lmingwex -plugin-opt=-pass-through=-lmsvcrt -plugin-opt=-pass-through=-lpthread -plugin-opt=-pass-through=-ladvapi32 -plugin-opt=-pass-through=-lshell32 -plugin-opt=-pass-through=-luser32 -plugin-opt=-pass-through=-lkernel32 -plugin-opt=-pass-through=-lmingw32 -plugin-opt=-pass-through=-lgcc -plugin-opt=-pass-through=-lgcc_eh -plugin-opt=-pass-through=-lmoldname -plugin-opt=-pass-through=-lmingwex -plugin-opt=-pass-through=-lmsvcrt --sysroot=/usr/i686-w64-mingw32/sys-root -m i386pe -Bdynamic -o cmTryCompileExec3244566217.exe /usr/i686-w64-mingw32/sys-root/mingw/lib/../lib/crt2.o /usr/lib/gcc/i686-w64-mingw32/5.1.0/crtbegin.o -L/usr/lib/gcc/i686-w64-mingw32/5.1.0 -L/usr/lib/gcc/i686-w64-mingw32/5.1.0/../../../../i686-w64-mingw32/lib/../lib -L/usr/i686-w64-mingw32/sys-root/mingw/lib/../lib -L/usr/lib/gcc/i686-w64-mingw32/5.1.0/../../../../i686-w64-mingw32/lib -L/usr/i686-w64-mingw32/sys-root/mingw/lib --whole-archive CMakeFiles/cmTryCompileExec3244566217.dir/objects.a --no-whole-archive --out-implib libcmTryCompileExec3244566217.dll.a --major-image-version 0 --minor-image-version 0 -lmingw32 -lgcc -lgcc_eh -lmoldname -lmingwex -lmsvcrt -lpthread -ladvapi32 -lshell32 -luser32 -lkernel32 -lmingw32 -lgcc -lgcc_eh -lmoldname -lmingwex -lmsvcrt /usr/lib/gcc/i686-w64-mingw32/5.1.0/crtend.o]
    arg [/usr/libexec/gcc/i686-w64-mingw32/5.1.0/collect2] ==> ignore
    arg [-plugin] ==> ignore
    arg [/usr/libexec/gcc/i686-w64-mingw32/5.1.0/liblto_plugin.so] ==> ignore
    arg [-plugin-opt=/usr/libexec/gcc/i686-w64-mingw32/5.1.0/lto-wrapper] ==> ignore
    arg [-plugin-opt=-fresolution=/tmp/cc7tbOqo.res] ==> ignore
    arg [-plugin-opt=-pass-through=-lmingw32] ==> ignore
    arg [-plugin-opt=-pass-through=-lgcc] ==> ignore
    arg [-plugin-opt=-pass-through=-lgcc_eh] ==> ignore
    arg [-plugin-opt=-pass-through=-lmoldname] ==> ignore
    arg [-plugin-opt=-pass-through=-lmingwex] ==> ignore
    arg [-plugin-opt=-pass-through=-lmsvcrt] ==> ignore
    arg [-plugin-opt=-pass-through=-lpthread] ==> ignore
    arg [-plugin-opt=-pass-through=-ladvapi32] ==> ignore
    arg [-plugin-opt=-pass-through=-lshell32] ==> ignore
    arg [-plugin-opt=-pass-through=-luser32] ==> ignore
    arg [-plugin-opt=-pass-through=-lkernel32] ==> ignore
    arg [-plugin-opt=-pass-through=-lmingw32] ==> ignore
    arg [-plugin-opt=-pass-through=-lgcc] ==> ignore
    arg [-plugin-opt=-pass-through=-lgcc_eh] ==> ignore
    arg [-plugin-opt=-pass-through=-lmoldname] ==> ignore
    arg [-plugin-opt=-pass-through=-lmingwex] ==> ignore
    arg [-plugin-opt=-pass-through=-lmsvcrt] ==> ignore
    arg [--sysroot=/usr/i686-w64-mingw32/sys-root] ==> ignore
    arg [-m] ==> ignore
    arg [i386pe] ==> ignore
    arg [-Bdynamic] ==> ignore
    arg [-o] ==> ignore
    arg [cmTryCompileExec3244566217.exe] ==> ignore
    arg [/usr/i686-w64-mingw32/sys-root/mingw/lib/../lib/crt2.o] ==> ignore
    arg [/usr/lib/gcc/i686-w64-mingw32/5.1.0/crtbegin.o] ==> ignore
    arg [-L/usr/lib/gcc/i686-w64-mingw32/5.1.0] ==> dir [/usr/lib/gcc/i686-w64-mingw32/5.1.0]
    arg [-L/usr/lib/gcc/i686-w64-mingw32/5.1.0/../../../../i686-w64-mingw32/lib/../lib] ==> dir [/usr/lib/gcc/i686-w64-mingw32/5.1.0/../../../../i686-w64-mingw32/lib/../lib]
    arg [-L/usr/i686-w64-mingw32/sys-root/mingw/lib/../lib] ==> dir [/usr/i686-w64-mingw32/sys-root/mingw/lib/../lib]
    arg [-L/usr/lib/gcc/i686-w64-mingw32/5.1.0/../../../../i686-w64-mingw32/lib] ==> dir [/usr/lib/gcc/i686-w64-mingw32/5.1.0/../../../../i686-w64-mingw32/lib]
    arg [-L/usr/i686-w64-mingw32/sys-root/mingw/lib] ==> dir [/usr/i686-w64-mingw32/sys-root/mingw/lib]
    arg [--whole-archive] ==> ignore
    arg [CMakeFiles/cmTryCompileExec3244566217.dir/objects.a] ==> ignore
    arg [--no-whole-archive] ==> ignore
    arg [--out-implib] ==> ignore
    arg [libcmTryCompileExec3244566217.dll.a] ==> ignore
    arg [--major-image-version] ==> ignore
    arg [0] ==> ignore
    arg [--minor-image-version] ==> ignore
    arg [0] ==> ignore
    arg [-lmingw32] ==> lib [mingw32]
    arg [-lgcc] ==> lib [gcc]
    arg [-lgcc_eh] ==> lib [gcc_eh]
    arg [-lmoldname] ==> lib [moldname]
    arg [-lmingwex] ==> lib [mingwex]
    arg [-lmsvcrt] ==> lib [msvcrt]
    arg [-lpthread] ==> lib [pthread]
    arg [-ladvapi32] ==> lib [advapi32]
    arg [-lshell32] ==> lib [shell32]
    arg [-luser32] ==> lib [user32]
    arg [-lkernel32] ==> lib [kernel32]
    arg [-lmingw32] ==> lib [mingw32]
    arg [-lgcc] ==> lib [gcc]
    arg [-lgcc_eh] ==> lib [gcc_eh]
    arg [-lmoldname] ==> lib [moldname]
    arg [-lmingwex] ==> lib [mingwex]
    arg [-lmsvcrt] ==> lib [msvcrt]
    arg [/usr/lib/gcc/i686-w64-mingw32/5.1.0/crtend.o] ==> ignore
  remove lib [gcc]
  remove lib [gcc_eh]
  remove lib [gcc]
  remove lib [gcc_eh]
  collapse library dir [/usr/lib/gcc/i686-w64-mingw32/5.1.0] ==> [/usr/lib/gcc/i686-w64-mingw32/5.1.0]
  collapse library dir [/usr/lib/gcc/i686-w64-mingw32/5.1.0/../../../../i686-w64-mingw32/lib/../lib] ==> [/usr/i686-w64-mingw32/lib]
  collapse library dir [/usr/i686-w64-mingw32/sys-root/mingw/lib/../lib] ==> [/usr/i686-w64-mingw32/sys-root/mingw/lib]
  collapse library dir [/usr/lib/gcc/i686-w64-mingw32/5.1.0/../../../../i686-w64-mingw32/lib] ==> [/usr/i686-w64-mingw32/lib]
  collapse library dir [/usr/i686-w64-mingw32/sys-root/mingw/lib] ==> [/usr/i686-w64-mingw32/sys-root/mingw/lib]
  implicit libs: [mingw32;moldname;mingwex;msvcrt;pthread;advapi32;shell32;user32;kernel32;mingw32;moldname;mingwex;msvcrt]
  implicit dirs: [/usr/lib/gcc/i686-w64-mingw32/5.1.0;/usr/i686-w64-mingw32/lib;/usr/i686-w64-mingw32/sys-root/mingw/lib]
  implicit fwks: []


Determining if the CXX compiler works passed with the following output:
Change Dir: /home/kjetil/qjackctl/temp/qjackctl/mingw32/portaudio/CMakeFiles/CMakeTmp

Run Build Command:"/usr/bin/gmake" "cmTryCompileExec2541965475/fast"
/usr/bin/gmake -f CMakeFiles/cmTryCompileExec2541965475.dir/build.make CMakeFiles/cmTryCompileExec2541965475.dir/build
gmake[1]: Entering directory '/home/kjetil/qjackctl/temp/qjackctl/mingw32/portaudio/CMakeFiles/CMakeTmp'
/usr/bin/cmake -E cmake_progress_report /home/kjetil/qjackctl/temp/qjackctl/mingw32/portaudio/CMakeFiles/CMakeTmp/CMakeFiles 1
Building CXX object CMakeFiles/cmTryCompileExec2541965475.dir/testCXXCompiler.cxx.obj
/usr/bin/i686-w64-mingw32-g++     -o CMakeFiles/cmTryCompileExec2541965475.dir/testCXXCompiler.cxx.obj -c /home/kjetil/qjackctl/temp/qjackctl/mingw32/portaudio/CMakeFiles/CMakeTmp/testCXXCompiler.cxx
Linking CXX executable cmTryCompileExec2541965475.exe
/usr/bin/cmake -E cmake_link_script CMakeFiles/cmTryCompileExec2541965475.dir/link.txt --verbose=1
/usr/bin/cmake -E remove -f CMakeFiles/cmTryCompileExec2541965475.dir/objects.a
/usr/bin/i686-w64-mingw32-ar cr CMakeFiles/cmTryCompileExec2541965475.dir/objects.a @CMakeFiles/cmTryCompileExec2541965475.dir/objects1.rsp
/usr/bin/i686-w64-mingw32-g++       -Wl,--whole-archive CMakeFiles/cmTryCompileExec2541965475.dir/objects.a -Wl,--no-whole-archive  -o cmTryCompileExec2541965475.exe -Wl,--out-implib,libcmTryCompileExec2541965475.dll.a -Wl,--major-image-version,0,--minor-image-version,0 @CMakeFiles/cmTryCompileExec2541965475.dir/linklibs.rsp
gmake[1]: Leaving directory '/home/kjetil/qjackctl/temp/qjackctl/mingw32/portaudio/CMakeFiles/CMakeTmp'


Detecting CXX compiler ABI info compiled with the following output:
Change Dir: /home/kjetil/qjackctl/temp/qjackctl/mingw32/portaudio/CMakeFiles/CMakeTmp

Run Build Command:"/usr/bin/gmake" "cmTryCompileExec514320258/fast"
/usr/bin/gmake -f CMakeFiles/cmTryCompileExec514320258.dir/build.make CMakeFiles/cmTryCompileExec514320258.dir/build
gmake[1]: Entering directory '/home/kjetil/qjackctl/temp/qjackctl/mingw32/portaudio/CMakeFiles/CMakeTmp'
/usr/bin/cmake -E cmake_progress_report /home/kjetil/qjackctl/temp/qjackctl/mingw32/portaudio/CMakeFiles/CMakeTmp/CMakeFiles 1
Building CXX object CMakeFiles/cmTryCompileExec514320258.dir/CMakeCXXCompilerABI.cpp.obj
/usr/bin/i686-w64-mingw32-g++     -o CMakeFiles/cmTryCompileExec514320258.dir/CMakeCXXCompilerABI.cpp.obj -c /usr/share/cmake/Modules/CMakeCXXCompilerABI.cpp
Linking CXX executable cmTryCompileExec514320258.exe
/usr/bin/cmake -E cmake_link_script CMakeFiles/cmTryCompileExec514320258.dir/link.txt --verbose=1
/usr/bin/cmake -E remove -f CMakeFiles/cmTryCompileExec514320258.dir/objects.a
/usr/bin/i686-w64-mingw32-ar cr CMakeFiles/cmTryCompileExec514320258.dir/objects.a @CMakeFiles/cmTryCompileExec514320258.dir/objects1.rsp
/usr/bin/i686-w64-mingw32-g++      -v -Wl,--whole-archive CMakeFiles/cmTryCompileExec514320258.dir/objects.a -Wl,--no-whole-archive  -o cmTryCompileExec514320258.exe -Wl,--out-implib,libcmTryCompileExec514320258.dll.a -Wl,--major-image-version,0,--minor-image-version,0   
Using built-in specs.
COLLECT_GCC=/usr/bin/i686-w64-mingw32-g++
COLLECT_LTO_WRAPPER=/usr/libexec/gcc/i686-w64-mingw32/5.1.0/lto-wrapper
Target: i686-w64-mingw32
Configured with: ../configure --prefix=/usr --bindir=/usr/bin --includedir=/usr/include --mandir=/usr/share/man --infodir=/usr/share/info --datadir=/usr/share --build=x86_64-redhat-linux-gnu --host=x86_64-redhat-linux-gnu --with-gnu-as --with-gnu-ld --verbose --without-newlib --disable-multilib --disable-plugin --with-system-zlib --disable-nls --without-included-gettext --disable-win32-registry --enable-languages=c,c++,objc,obj-c++,fortran --with-default-libstdcxx-abi=c++98 --with-bugurl=http://bugzilla.redhat.com/bugzilla --with-cloog --enable-threads=posix --enable-libgomp --target=i686-w64-mingw32 --with-sysroot=/usr/i686-w64-mingw32/sys-root --with-gxx-include-dir=/usr/i686-w64-mingw32/sys-root/mingw/include/c++
Thread model: posix
gcc version 5.1.0 20150422 (Fedora MinGW 5.1.0-2.fc22) (GCC) 
COMPILER_PATH=/usr/libexec/gcc/i686-w64-mingw32/5.1.0/:/usr/libexec/gcc/i686-w64-mingw32/5.1.0/:/usr/libexec/gcc/i686-w64-mingw32/:/usr/lib/gcc/i686-w64-mingw32/5.1.0/:/usr/lib/gcc/i686-w64-mingw32/:/usr/lib/gcc/i686-w64-mingw32/5.1.0/../../../../i686-w64-mingw32/bin/
LIBRARY_PATH=/usr/lib/gcc/i686-w64-mingw32/5.1.0/:/usr/lib/gcc/i686-w64-mingw32/5.1.0/../../../../i686-w64-mingw32/lib/../lib/:/usr/i686-w64-mingw32/sys-root/mingw/lib/../lib/:/usr/lib/gcc/i686-w64-mingw32/5.1.0/../../../../i686-w64-mingw32/lib/:/usr/i686-w64-mingw32/sys-root/mingw/lib/
COLLECT_GCC_OPTIONS='-v' '-o' 'cmTryCompileExec514320258.exe' '-shared-libgcc' '-mtune=generic' '-march=pentiumpro'
 /usr/libexec/gcc/i686-w64-mingw32/5.1.0/collect2 -plugin /usr/libexec/gcc/i686-w64-mingw32/5.1.0/liblto_plugin.so -plugin-opt=/usr/libexec/gcc/i686-w64-mingw32/5.1.0/lto-wrapper -plugin-opt=-fresolution=/tmp/cc2pVMeG.res -plugin-opt=-pass-through=-lmingw32 -plugin-opt=-pass-through=-lgcc_s -plugin-opt=-pass-through=-lgcc -plugin-opt=-pass-through=-lmoldname -plugin-opt=-pass-through=-lmingwex -plugin-opt=-pass-through=-lmsvcrt -plugin-opt=-pass-through=-lpthread -plugin-opt=-pass-through=-ladvapi32 -plugin-opt=-pass-through=-lshell32 -plugin-opt=-pass-through=-luser32 -plugin-opt=-pass-through=-lkernel32 -plugin-opt=-pass-through=-lmingw32 -plugin-opt=-pass-through=-lgcc_s -plugin-opt=-pass-through=-lgcc -plugin-opt=-pass-through=-lmoldname -plugin-opt=-pass-through=-lmingwex -plugin-opt=-pass-through=-lmsvcrt --sysroot=/usr/i686-w64-mingw32/sys-root -m i386pe -Bdynamic -o cmTryCompileExec514320258.exe /usr/i686-w64-mingw32/sys-root/mingw/lib/../lib/crt2.o /usr/lib/gcc/i686-w64-mingw32/5.1.0/crtbegin.o -L/usr/lib/gcc/i686-w64-mingw32/5.1.0 -L/usr/lib/gcc/i686-w64-mingw32/5.1.0/../../../../i686-w64-mingw32/lib/../lib -L/usr/i686-w64-mingw32/sys-root/mingw/lib/../lib -L/usr/lib/gcc/i686-w64-mingw32/5.1.0/../../../../i686-w64-mingw32/lib -L/usr/i686-w64-mingw32/sys-root/mingw/lib --whole-archive CMakeFiles/cmTryCompileExec514320258.dir/objects.a --no-whole-archive --out-implib libcmTryCompileExec514320258.dll.a --major-image-version 0 --minor-image-version 0 -lstdc++ -lmingw32 -lgcc_s -lgcc -lmoldname -lmingwex -lmsvcrt -lpthread -ladvapi32 -lshell32 -luser32 -lkernel32 -lmingw32 -lgcc_s -lgcc -lmoldname -lmingwex -lmsvcrt /usr/lib/gcc/i686-w64-mingw32/5.1.0/crtend.o
gmake[1]: Leaving directory '/home/kjetil/qjackctl/temp/qjackctl/mingw32/portaudio/CMakeFiles/CMakeTmp'


Parsed CXX implicit link information from above output:
  link line regex: [^( *|.*[/\])(i686-w64-mingw32-ld|([^/\]+-)?ld|collect2)[^/\]*( |$)]
  ignore line: [Change Dir: /home/kjetil/qjackctl/temp/qjackctl/mingw32/portaudio/CMakeFiles/CMakeTmp]
  ignore line: []
  ignore line: [Run Build Command:"/usr/bin/gmake" "cmTryCompileExec514320258/fast"]
  ignore line: [/usr/bin/gmake -f CMakeFiles/cmTryCompileExec514320258.dir/build.make CMakeFiles/cmTryCompileExec514320258.dir/build]
  ignore line: [gmake[1]: Entering directory '/home/kjetil/qjackctl/temp/qjackctl/mingw32/portaudio/CMakeFiles/CMakeTmp']
  ignore line: [/usr/bin/cmake -E cmake_progress_report /home/kjetil/qjackctl/temp/qjackctl/mingw32/portaudio/CMakeFiles/CMakeTmp/CMakeFiles 1]
  ignore line: [Building CXX object CMakeFiles/cmTryCompileExec514320258.dir/CMakeCXXCompilerABI.cpp.obj]
  ignore line: [/usr/bin/i686-w64-mingw32-g++     -o CMakeFiles/cmTryCompileExec514320258.dir/CMakeCXXCompilerABI.cpp.obj -c /usr/share/cmake/Modules/CMakeCXXCompilerABI.cpp]
  ignore line: [Linking CXX executable cmTryCompileExec514320258.exe]
  ignore line: [/usr/bin/cmake -E cmake_link_script CMakeFiles/cmTryCompileExec514320258.dir/link.txt --verbose=1]
  ignore line: [/usr/bin/cmake -E remove -f CMakeFiles/cmTryCompileExec514320258.dir/objects.a]
  ignore line: [/usr/bin/i686-w64-mingw32-ar cr CMakeFiles/cmTryCompileExec514320258.dir/objects.a @CMakeFiles/cmTryCompileExec514320258.dir/objects1.rsp]
  ignore line: [/usr/bin/i686-w64-mingw32-g++      -v -Wl,--whole-archive CMakeFiles/cmTryCompileExec514320258.dir/objects.a -Wl,--no-whole-archive  -o cmTryCompileExec514320258.exe -Wl,--out-implib,libcmTryCompileExec514320258.dll.a -Wl,--major-image-version,0,--minor-image-version,0   ]
  ignore line: [Using built-in specs.]
  ignore line: [COLLECT_GCC=/usr/bin/i686-w64-mingw32-g++]
  ignore line: [COLLECT_LTO_WRAPPER=/usr/libexec/gcc/i686-w64-mingw32/5.1.0/lto-wrapper]
  ignore line: [Target: i686-w64-mingw32]
  ignore line: [Configured with: ../configure --prefix=/usr --bindir=/usr/bin --includedir=/usr/include --mandir=/usr/share/man --infodir=/usr/share/info --datadir=/usr/share --build=x86_64-redhat-linux-gnu --host=x86_64-redhat-linux-gnu --with-gnu-as --with-gnu-ld --verbose --without-newlib --disable-multilib --disable-plugin --with-system-zlib --disable-nls --without-included-gettext --disable-win32-registry --enable-languages=c,c++,objc,obj-c++,fortran --with-default-libstdcxx-abi=c++98 --with-bugurl=http://bugzilla.redhat.com/bugzilla --with-cloog --enable-threads=posix --enable-libgomp --target=i686-w64-mingw32 --with-sysroot=/usr/i686-w64-mingw32/sys-root --with-gxx-include-dir=/usr/i686-w64-mingw32/sys-root/mingw/include/c++]
  ignore line: [Thread model: posix]
  ignore line: [gcc version 5.1.0 20150422 (Fedora MinGW 5.1.0-2.fc22) (GCC) ]
  ignore line: [COMPILER_PATH=/usr/libexec/gcc/i686-w64-mingw32/5.1.0/:/usr/libexec/gcc/i686-w64-mingw32/5.1.0/:/usr/libexec/gcc/i686-w64-mingw32/:/usr/lib/gcc/i686-w64-mingw32/5.1.0/:/usr/lib/gcc/i686-w64-mingw32/:/usr/lib/gcc/i686-w64-mingw32/5.1.0/../../../../i686-w64-mingw32/bin/]
  ignore line: [LIBRARY_PATH=/usr/lib/gcc/i686-w64-mingw32/5.1.0/:/usr/lib/gcc/i686-w64-mingw32/5.1.0/../../../../i686-w64-mingw32/lib/../lib/:/usr/i686-w64-mingw32/sys-root/mingw/lib/../lib/:/usr/lib/gcc/i686-w64-mingw32/5.1.0/../../../../i686-w64-mingw32/lib/:/usr/i686-w64-mingw32/sys-root/mingw/lib/]
  ignore line: [COLLECT_GCC_OPTIONS='-v' '-o' 'cmTryCompileExec514320258.exe' '-shared-libgcc' '-mtune=generic' '-march=pentiumpro']
  link line: [ /usr/libexec/gcc/i686-w64-mingw32/5.1.0/collect2 -plugin /usr/libexec/gcc/i686-w64-mingw32/5.1.0/liblto_plugin.so -plugin-opt=/usr/libexec/gcc/i686-w64-mingw32/5.1.0/lto-wrapper -plugin-opt=-fresolution=/tmp/cc2pVMeG.res -plugin-opt=-pass-through=-lmingw32 -plugin-opt=-pass-through=-lgcc_s -plugin-opt=-pass-through=-lgcc -plugin-opt=-pass-through=-lmoldname -plugin-opt=-pass-through=-lmingwex -plugin-opt=-pass-through=-lmsvcrt -plugin-opt=-pass-through=-lpthread -plugin-opt=-pass-through=-ladvapi32 -plugin-opt=-pass-through=-lshell32 -plugin-opt=-pass-through=-luser32 -plugin-opt=-pass-through=-lkernel32 -plugin-opt=-pass-through=-lmingw32 -plugin-opt=-pass-through=-lgcc_s -plugin-opt=-pass-through=-lgcc -plugin-opt=-pass-through=-lmoldname -plugin-opt=-pass-through=-lmingwex -plugin-opt=-pass-through=-lmsvcrt --sysroot=/usr/i686-w64-mingw32/sys-root -m i386pe -Bdynamic -o cmTryCompileExec514320258.exe /usr/i686-w64-mingw32/sys-root/mingw/lib/../lib/crt2.o /usr/lib/gcc/i686-w64-mingw32/5.1.0/crtbegin.o -L/usr/lib/gcc/i686-w64-mingw32/5.1.0 -L/usr/lib/gcc/i686-w64-mingw32/5.1.0/../../../../i686-w64-mingw32/lib/../lib -L/usr/i686-w64-mingw32/sys-root/mingw/lib/../lib -L/usr/lib/gcc/i686-w64-mingw32/5.1.0/../../../../i686-w64-mingw32/lib -L/usr/i686-w64-mingw32/sys-root/mingw/lib --whole-archive CMakeFiles/cmTryCompileExec514320258.dir/objects.a --no-whole-archive --out-implib libcmTryCompileExec514320258.dll.a --major-image-version 0 --minor-image-version 0 -lstdc++ -lmingw32 -lgcc_s -lgcc -lmoldname -lmingwex -lmsvcrt -lpthread -ladvapi32 -lshell32 -luser32 -lkernel32 -lmingw32 -lgcc_s -lgcc -lmoldname -lmingwex -lmsvcrt /usr/lib/gcc/i686-w64-mingw32/5.1.0/crtend.o]
    arg [/usr/libexec/gcc/i686-w64-mingw32/5.1.0/collect2] ==> ignore
    arg [-plugin] ==> ignore
    arg [/usr/libexec/gcc/i686-w64-mingw32/5.1.0/liblto_plugin.so] ==> ignore
    arg [-plugin-opt=/usr/libexec/gcc/i686-w64-mingw32/5.1.0/lto-wrapper] ==> ignore
    arg [-plugin-opt=-fresolution=/tmp/cc2pVMeG.res] ==> ignore
    arg [-plugin-opt=-pass-through=-lmingw32] ==> ignore
    arg [-plugin-opt=-pass-through=-lgcc_s] ==> ignore
    arg [-plugin-opt=-pass-through=-lgcc] ==> ignore
    arg [-plugin-opt=-pass-through=-lmoldname] ==> ignore
    arg [-plugin-opt=-pass-through=-lmingwex] ==> ignore
    arg [-plugin-opt=-pass-through=-lmsvcrt] ==> ignore
    arg [-plugin-opt=-pass-through=-lpthread] ==> ignore
    arg [-plugin-opt=-pass-through=-ladvapi32] ==> ignore
    arg [-plugin-opt=-pass-through=-lshell32] ==> ignore
    arg [-plugin-opt=-pass-through=-luser32] ==> ignore
    arg [-plugin-opt=-pass-through=-lkernel32] ==> ignore
    arg [-plugin-opt=-pass-through=-lmingw32] ==> ignore
    arg [-plugin-opt=-pass-through=-lgcc_s] ==> ignore
    arg [-plugin-opt=-pass-through=-lgcc] ==> ignore
    arg [-plugin-opt=-pass-through=-lmoldname] ==> ignore
    arg [-plugin-opt=-pass-through=-lmingwex] ==> ignore
    arg [-plugin-opt=-pass-through=-lmsvcrt] ==> ignore
    arg [--sysroot=/usr/i686-w64-mingw32/sys-root] ==> ignore
    arg [-m] ==> ignore
    arg [i386pe] ==> ignore
    arg [-Bdynamic] ==> ignore
    arg [-o] ==> ignore
    arg [cmTryCompileExec514320258.exe] ==> ignore
    arg [/usr/i686-w64-mingw32/sys-root/mingw/lib/../lib/crt2.o] ==> ignore
    arg [/usr/lib/gcc/i686-w64-mingw32/5.1.0/crtbegin.o] ==> ignore
    arg [-L/usr/lib/gcc/i686-w64-mingw32/5.1.0] ==> dir [/usr/lib/gcc/i686-w64-mingw32/5.1.0]
    arg [-L/usr/lib/gcc/i686-w64-mingw32/5.1.0/../../../../i686-w64-mingw32/lib/../lib] ==> dir [/usr/lib/gcc/i686-w64-mingw32/5.1.0/../../../../i686-w64-mingw32/lib/../lib]
    arg [-L/usr/i686-w64-mingw32/sys-root/mingw/lib/../lib] ==> dir [/usr/i686-w64-mingw32/sys-root/mingw/lib/../lib]
    arg [-L/usr/lib/gcc/i686-w64-mingw32/5.1.0/../../../../i686-w64-mingw32/lib] ==> dir [/usr/lib/gcc/i686-w64-mingw32/5.1.0/../../../../i686-w64-mingw32/lib]
    arg [-L/usr/i686-w64-mingw32/sys-root/mingw/lib] ==> dir [/usr/i686-w64-mingw32/sys-root/mingw/lib]
    arg [--whole-archive] ==> ignore
    arg [CMakeFiles/cmTryCompileExec514320258.dir/objects.a] ==> ignore
    arg [--no-whole-archive] ==> ignore
    arg [--out-implib] ==> ignore
    arg [libcmTryCompileExec514320258.dll.a] ==> ignore
    arg [--major-image-version] ==> ignore
    arg [0] ==> ignore
    arg [--minor-image-version] ==> ignore
    arg [0] ==> ignore
    arg [-lstdc++] ==> lib [stdc++]
    arg [-lmingw32] ==> lib [mingw32]
    arg [-lgcc_s] ==> lib [gcc_s]
    arg [-lgcc] ==> lib [gcc]
    arg [-lmoldname] ==> lib [moldname]
    arg [-lmingwex] ==> lib [mingwex]
    arg [-lmsvcrt] ==> lib [msvcrt]
    arg [-lpthread] ==> lib [pthread]
    arg [-ladvapi32] ==> lib [advapi32]
    arg [-lshell32] ==> lib [shell32]
    arg [-luser32] ==> lib [user32]
    arg [-lkernel32] ==> lib [kernel32]
    arg [-lmingw32] ==> lib [mingw32]
    arg [-lgcc_s] ==> lib [gcc_s]
    arg [-lgcc] ==> lib [gcc]
    arg [-lmoldname] ==> lib [moldname]
    arg [-lmingwex] ==> lib [mingwex]
    arg [-lmsvcrt] ==> lib [msvcrt]
    arg [/usr/lib/gcc/i686-w64-mingw32/5.1.0/crtend.o] ==> ignore
  remove lib [gcc_s]
  remove lib [gcc]
  remove lib [gcc_s]
  remove lib [gcc]
  collapse library dir [/usr/lib/gcc/i686-w64-mingw32/5.1.0] ==> [/usr/lib/gcc/i686-w64-mingw32/5.1.0]
  collapse library dir [/usr/lib/gcc/i686-w64-mingw32/5.1.0/../../../../i686-w64-mingw32/lib/../lib] ==> [/usr/i686-w64-mingw32/lib]
  collapse library dir [/usr/i686-w64-mingw32/sys-root/mingw/lib/../lib] ==> [/usr/i686-w64-mingw32/sys-root/mingw/lib]
  collapse library dir [/usr/lib/gcc/i686-w64-mingw32/5.1.0/../../../../i686-w64-mingw32/lib] ==> [/usr/i686-w64-mingw32/lib]
  collapse library dir [/usr/i686-w64-mingw32/sys-root/mingw/lib] ==> [/usr/i686-w64-mingw32/sys-root/mingw/lib]
  implicit libs: [stdc++;mingw32;moldname;mingwex;msvcrt;pthread;advapi32;shell32;user32;kernel32;mingw32;moldname;mingwex;msvcrt]
  implicit dirs: [/usr/lib/gcc/i686-w64-mingw32/5.1.0;/usr/i686-w64-mingw32/lib;/usr/i686-w64-mingw32/sys-root/mingw/lib]
  implicit fwks: []


